; Phrases

*Append blank
*Append from
*Begin Sequence
Clear All
Clear Gets
Clear Memory
Clear Screen
Clear Typeahead
*Copy file
*Copy Structure
*Copy Structure Extended
Copy to
Create from
Delete file
Delete tag
*Do case
*Do while
Exit Procedure
Get Check
Get List
Get Push
Get Radio
Get TBrowse
Init Procedure
Label form
*Menu to
Report Form
Restore screen
Save screen
*Set alternate
*Set bell
*Set century
*Set color
*Set confirm
*Set console
*Set cursor
*Set date
*Set decimals
*Set default
*Set delete
*Set deleted
*Set delimiters
*Set descending
*Set device
*Set epoch
*Set escape
*Set eventmask
*Set exact
*Set exclusive
*Set filter
*Set fixed
*Set format
*Set function
*Set index
*Set intensity
*Set key
*Set margin
*Set memoblock
*Set message
*Set optimize
*Set order
*Set path
*Set printer
*Set procedure
*Set relation
*Set scope
*Set scopebottom
*Set scopetop
*Set scoreboard
*Set softseek
*Set typeahead
*Set unique
*Set videomode
*Set wrap

; MiniGUI

*Set multiple
