Application Internal Error - C:\MiniguiM\minigui\samples\advanced\RMChart_DLL_2\demo2.exe
Terminated at: 2018-01-02 12:39:00
Info: Harbour MiniGUI Extended Edition 17.06u2
Unrecoverable error 6005: Exception error:

    Exception Code:C0000005 ACCESS_VIOLATION
    Exception Address:0000000E
    EAX:FFFFFFFA  EBX:04BD9AF4  ECX:00000013  EDX:00000000
    ESI:00B1C78C  EDI:0112B094  EBP:00100000
    CS:EIP:0023:0000000E  SS:ESP:002B:007FEB30
    DS:002B  ES:002B  FS:0053  GS:002B
    Flags:00210246
    Exception Parameters: 00000008 0000000E
    CS:EIP:
    SS:ESP: 00000008 011AB076 0092D954 010D147A 007FEB6C 0000000E FFFFFFFC 010E311C 00AE0E1C 0092D954 0000000E 010D0056 00000029 00AE0D54 00000001 00000089

    C stack:
    EIP:     EBP:       Frame: OldEBP, RetAddr, Params...

Modules:
01080000 001EF000 C:\MiniguiM\minigui\samples\advanced\RMChart_DLL_2\demo2.exe
77280000 0018D000 C:\WINDOWS\SYSTEM32\ntdll.dll
76AE0000 000D0000 C:\WINDOWS\System32\KERNEL32.DLL
704D0000 0002F000 C:\Program Files (x86)\AVG\Antivirus\aswhookx.dll
77070000 001D7000 C:\WINDOWS\System32\KERNELBASE.dll
75340000 00078000 C:\WINDOWS\System32\ADVAPI32.dll
763B0000 000BD000 C:\WINDOWS\System32\msvcrt.dll
76130000 00043000 C:\WINDOWS\System32\sechost.dll
75280000 000BE000 C:\WINDOWS\System32\RPCRT4.dll
73CA0000 00020000 C:\WINDOWS\System32\SspiCli.dll
73C90000 0000A000 C:\WINDOWS\System32\CRYPTBASE.dll
76850000 00057000 C:\WINDOWS\System32\bcryptPrimitives.dll
766F0000 000D4000 C:\WINDOWS\System32\COMDLG32.DLL
764A0000 00246000 C:\WINDOWS\System32\combase.dll
758E0000 00117000 C:\WINDOWS\System32\ucrtbase.dll
76FE0000 00088000 C:\WINDOWS\System32\shcore.dll
75550000 00175000 C:\WINDOWS\System32\USER32.dll
77260000 00016000 C:\WINDOWS\System32\win32u.dll
76470000 00022000 C:\WINDOWS\System32\GDI32.dll
76980000 0015E000 C:\WINDOWS\System32\gdi32full.dll
76280000 0007C000 C:\WINDOWS\System32\msvcp_win.dll
768B0000 00045000 C:\WINDOWS\System32\SHLWAPI.dll
73E50000 01333000 C:\WINDOWS\System32\SHELL32.dll
75240000 00038000 C:\WINDOWS\System32\cfgmgr32.dll
75B40000 005C6000 C:\WINDOWS\System32\windows.storage.dll
77250000 0000E000 C:\WINDOWS\System32\kernel.appcore.dll
75A60000 00045000 C:\WINDOWS\System32\powrprof.dll
76110000 00014000 C:\WINDOWS\System32\profapi.dll
76180000 000F7000 C:\WINDOWS\System32\ole32.dll
76310000 00093000 C:\WINDOWS\System32\OLEAUT32.dll
72BC0000 00211000 C:\WINDOWS\WinSxS\x86_microsoft.windows.common-controls_6595b64144ccf1df_6.0.16299.125_none_5d79065fa7de350f\COMCTL32.DLL
72BB0000 00006000 C:\WINDOWS\SYSTEM32\MSIMG32.DLL
730F0000 00022000 C:\WINDOWS\SYSTEM32\MSVFW32.DLL
73570000 00024000 C:\WINDOWS\SYSTEM32\WINMM.DLL
733C0000 0006C000 C:\WINDOWS\SYSTEM32\WINSPOOL.DRV
73390000 00023000 C:\WINDOWS\SYSTEM32\WINMMBASE.dll
732B0000 00030000 C:\WINDOWS\SYSTEM32\IPHLPAPI.DLL
736C0000 00019000 C:\WINDOWS\SYSTEM32\bcrypt.dll
758B0000 00025000 C:\WINDOWS\System32\IMM32.DLL
6F380000 000CF000 C:\Program Files\Diebold\Warsaw\wslbscr32.dll
72850000 00028000 C:\WINDOWS\SYSTEM32\ntmarta.dll
6F2E0000 00094000 C:\Program Files\Diebold\Warsaw\wslbscrwh32.dll
72B10000 00079000 C:\WINDOWS\system32\uxtheme.dll
72EC0000 00087000 C:\Program Files (x86)\Common Files\Microsoft Shared\Ink\tiptsf.dll
720F0000 0016C000 C:\WINDOWS\WinSxS\x86_microsoft.windows.gdiplus_6595b64144ccf1df_1.1.16299.125_none_8e63f9450270aedd\Gdiplus.dll
75760000 00144000 C:\WINDOWS\System32\MSCTF.dll
04B90000 000C4000 C:\MiniguiM\minigui\samples\advanced\RMChart_DLL_2\RMChart.dll
73430000 00023000 C:\WINDOWS\system32\dwmapi.dll
71200000 00077000 C:\WINDOWS\System32\TextInputFramework.dll
70620000 00234000 C:\WINDOWS\System32\CoreUIComponents.dll
70590000 0008C000 C:\WINDOWS\System32\CoreMessaging.dll
71B70000 000CB000 C:\WINDOWS\SYSTEM32\wintypes.dll
75AB0000 00082000 C:\WINDOWS\System32\clbcatq.dll
6C990000 00280000 C:\WINDOWS\SYSTEM32\DWrite.dll

Called from HB_DYNCALL(0)
Called from (b)RMCHART(188)
Called from RMCHART:CALLDLLSTD(0)
Called from (b)RMCHART(32)
Called from RMCHART:ADDDATAAXIS(0)
Called from GRAPHIC2(198)
Called from CHART(76)
Called from (b)MAIN(49)
Called from _DOCONTROLEVENTPROCEDURE(0)
Called from EVENTS(0)
Called from DOMESSAGELOOP(0)
Called from _ACTIVATEWINDOW(0)
Called from MAIN(66)
------------------------------------------------------------------------
Application Internal Error - C:\MiniguiM\minigui\samples\advanced\RMChart_DLL_2\demo2.exe
Terminated at: 2018-02-21 11:44:19
Info: Harbour MiniGUI Extended Edition 18.01 (32-bit)
Unrecoverable error 6005: Exception error:

    Exception Code:C0000005 ACCESS_VIOLATION
    Exception Address:0000000E
    EAX:FFFFFFFA  EBX:00449AF4  ECX:00000013  EDX:00000000
    ESI:04E2BE64  EDI:0103AAD4  EBP:00100000
    CS:EIP:0023:0000000E  SS:ESP:002B:00A3EA10
    DS:002B  ES:002B  FS:0053  GS:002B
    Flags:00210246
    Exception Parameters: 00000008 0000000E
    CS:EIP:
    SS:ESP: 00000008 010B7076 00BFF304 00FDF07A 00A3EA4C 0000000E FFFFFFFC 00FF0D1C 00BFEA9C 00BFF304 0000000E 00FDDC56 00000025 00BFE9D4 00000001 00000089

    C stack:
    EIP:     EBP:       Frame: OldEBP, RetAddr, Params...

Modules:
00F90000 001E2000 C:\MiniguiM\minigui\samples\advanced\RMChart_DLL_2\demo2.exe
770B0000 0018D000 C:\WINDOWS\SYSTEM32\ntdll.dll
73AF0000 000D0000 C:\WINDOWS\System32\KERNEL32.DLL
66CB0000 0002F000 C:\Program Files (x86)\AVG\Antivirus\aswhookx.dll
75730000 001D7000 C:\WINDOWS\System32\KERNELBASE.dll
74A40000 00078000 C:\WINDOWS\System32\ADVAPI32.dll
759B0000 000BD000 C:\WINDOWS\System32\msvcrt.dll
74D60000 00043000 C:\WINDOWS\System32\sechost.dll
75500000 000BE000 C:\WINDOWS\System32\RPCRT4.dll
73AD0000 00020000 C:\WINDOWS\System32\SspiCli.dll
73AC0000 0000A000 C:\WINDOWS\System32\CRYPTBASE.dll
75610000 00057000 C:\WINDOWS\System32\bcryptPrimitives.dll
74300000 00022000 C:\WINDOWS\System32\GDI32.dll
76E90000 0015E000 C:\WINDOWS\System32\gdi32full.dll
75380000 0007C000 C:\WINDOWS\System32\msvcp_win.dll
74BB0000 00117000 C:\WINDOWS\System32\ucrtbase.dll
744C0000 00175000 C:\WINDOWS\System32\USER32.dll
75710000 00016000 C:\WINDOWS\System32\win32u.dll
75400000 000F7000 C:\WINDOWS\System32\ole32.dll
74640000 00246000 C:\WINDOWS\System32\combase.dll
75670000 00093000 C:\WINDOWS\System32\OLEAUT32.dll
75A70000 01333000 C:\WINDOWS\System32\SHELL32.dll
755D0000 00038000 C:\WINDOWS\System32\cfgmgr32.dll
73E20000 00088000 C:\WINDOWS\System32\shcore.dll
74DB0000 005C6000 C:\WINDOWS\System32\windows.storage.dll
76E20000 00045000 C:\WINDOWS\System32\shlwapi.dll
755C0000 0000E000 C:\WINDOWS\System32\kernel.appcore.dll
76FF0000 00045000 C:\WINDOWS\System32\powrprof.dll
75910000 00014000 C:\WINDOWS\System32\profapi.dll
70410000 00211000 C:\WINDOWS\WinSxS\x86_microsoft.windows.common-controls_6595b64144ccf1df_6.0.16299.248_none_5d7c08dba7db7edd\COMCTL32.DLL
70C20000 00006000 C:\WINDOWS\SYSTEM32\MSIMG32.DLL
6ECD0000 00022000 C:\WINDOWS\SYSTEM32\MSVFW32.DLL
708C0000 00024000 C:\WINDOWS\SYSTEM32\WINMM.DLL
706E0000 00023000 C:\WINDOWS\SYSTEM32\WINMMBASE.dll
75980000 00025000 C:\WINDOWS\System32\IMM32.DLL
6AA10000 000D5000 C:\Program Files\Diebold\Warsaw\wslbscr32.dll
70BB0000 00028000 C:\WINDOWS\SYSTEM32\ntmarta.dll
67B90000 000BE000 C:\Program Files\Diebold\Warsaw\wslbscrwh32.dll
70CB0000 00079000 C:\WINDOWS\system32\uxtheme.dll
69900000 00087000 C:\Program Files (x86)\Common Files\Microsoft Shared\Ink\tiptsf.dll
6EFB0000 0016B000 C:\WINDOWS\WinSxS\x86_microsoft.windows.gdiplus_6595b64144ccf1df_1.1.16299.248_none_8e66fbc1026df8ab\Gdiplus.dll
74890000 00144000 C:\WINDOWS\System32\MSCTF.dll
00400000 000C4000 C:\MiniguiM\minigui\samples\advanced\RMChart_DLL_2\RMChart.dll
73D40000 000D4000 C:\WINDOWS\System32\COMDLG32.DLL
70710000 0006C000 C:\WINDOWS\SYSTEM32\WINSPOOL.DRV
732E0000 00030000 C:\WINDOWS\SYSTEM32\IPHLPAPI.DLL
72C40000 00019000 C:\WINDOWS\SYSTEM32\bcrypt.dll
70780000 00023000 C:\WINDOWS\system32\dwmapi.dll
69360000 00077000 C:\WINDOWS\System32\TextInputFramework.dll
69FE0000 00234000 C:\WINDOWS\System32\CoreUIComponents.dll
6A220000 0008C000 C:\WINDOWS\System32\CoreMessaging.dll
6B200000 000CB000 C:\WINDOWS\SYSTEM32\wintypes.dll
74AC0000 00082000 C:\WINDOWS\System32\clbcatq.dll
606C0000 00280000 C:\WINDOWS\SYSTEM32\DWrite.dll

Called from HB_DYNCALL(0)
Called from (b)RMCHART(188)
Called from RMCHART:CALLDLLSTD(0)
Called from (b)RMCHART(32)
Called from RMCHART:ADDDATAAXIS(0)
Called from GRAPHIC2(198)
Called from CHART(76)
Called from (b)MAIN(49)
Called from _DOCONTROLEVENTPROCEDURE(0)
Called from EVENTS(0)
Called from DOMESSAGELOOP(0)
Called from _ACTIVATEWINDOW(0)
Called from MAIN(66)
------------------------------------------------------------------------
